{"/Users/bhaskarjoshi/Documents/Personal/PLTCart/src/assets/images/backIcon.png": {"path":"/Users/bhaskarjoshi/Documents/Personal/PLTCart/src/assets/images/backIcon.png","statementMap":{"0":{"start":{"line":1,"column":0},"end":{"line":4,"column":6}}},"fnMap":{},"branchMap":{},"s":{"0":1},"f":{},"b":{},"_coverageSchema":"1a1c01bbd47fc00a2c39e90264f33305004495a9","hash":"251411c3098087840578203741e8731b3c204a4b"}
,"/Users/bhaskarjoshi/Documents/Personal/PLTCart/src/assets/images/emptyCart.png": {"path":"/Users/bhaskarjoshi/Documents/Personal/PLTCart/src/assets/images/emptyCart.png","statementMap":{"0":{"start":{"line":1,"column":0},"end":{"line":4,"column":6}}},"fnMap":{},"branchMap":{},"s":{"0":1},"f":{},"b":{},"_coverageSchema":"1a1c01bbd47fc00a2c39e90264f33305004495a9","hash":"ca6e05fee325e29de088dc7e3d4e03a32bf976b9"}
,"/Users/bhaskarjoshi/Documents/Personal/PLTCart/src/assets/images/right-arrow.png": {"path":"/Users/bhaskarjoshi/Documents/Personal/PLTCart/src/assets/images/right-arrow.png","statementMap":{"0":{"start":{"line":1,"column":0},"end":{"line":4,"column":6}}},"fnMap":{},"branchMap":{},"s":{"0":2},"f":{},"b":{},"_coverageSchema":"1a1c01bbd47fc00a2c39e90264f33305004495a9","hash":"9de09cfaaa68aa6b5373a8ac1ca054f01f2ecc5d"}
,"/Users/bhaskarjoshi/Documents/Personal/PLTCart/src/components/CartItem.tsx": {"path":"/Users/bhaskarjoshi/Documents/Personal/PLTCart/src/components/CartItem.tsx","statementMap":{"0":{"start":{"line":14,"column":38},"end":{"line":56,"column":1}},"1":{"start":{"line":15,"column":34},"end":{"line":15,"column":63}},"2":{"start":{"line":17,"column":37},"end":{"line":22,"column":3}},"3":{"start":{"line":18,"column":4},"end":{"line":21,"column":5}},"4":{"start":{"line":19,"column":6},"end":{"line":19,"column":33}},"5":{"start":{"line":20,"column":6},"end":{"line":20,"column":25}},"6":{"start":{"line":24,"column":34},"end":{"line":27,"column":3}},"7":{"start":{"line":25,"column":4},"end":{"line":25,"column":28}},"8":{"start":{"line":26,"column":4},"end":{"line":26,"column":23}},"9":{"start":{"line":29,"column":2},"end":{"line":55,"column":4}},"10":{"start":{"line":41,"column":29},"end":{"line":41,"column":69}},"11":{"start":{"line":48,"column":29},"end":{"line":48,"column":66}},"12":{"start":{"line":58,"column":15},"end":{"line":123,"column":2}}},"fnMap":{"0":{"name":"(anonymous_0)","decl":{"start":{"line":14,"column":38},"end":{"line":14,"column":39}},"loc":{"start":{"line":14,"column":62},"end":{"line":56,"column":1}},"line":14},"1":{"name":"(anonymous_1)","decl":{"start":{"line":17,"column":37},"end":{"line":17,"column":38}},"loc":{"start":{"line":17,"column":56},"end":{"line":22,"column":3}},"line":17},"2":{"name":"(anonymous_2)","decl":{"start":{"line":24,"column":34},"end":{"line":24,"column":35}},"loc":{"start":{"line":24,"column":53},"end":{"line":27,"column":3}},"line":24},"3":{"name":"(anonymous_3)","decl":{"start":{"line":41,"column":23},"end":{"line":41,"column":24}},"loc":{"start":{"line":41,"column":29},"end":{"line":41,"column":69}},"line":41},"4":{"name":"(anonymous_4)","decl":{"start":{"line":48,"column":23},"end":{"line":48,"column":24}},"loc":{"start":{"line":48,"column":29},"end":{"line":48,"column":66}},"line":48}},"branchMap":{"0":{"loc":{"start":{"line":15,"column":43},"end":{"line":15,"column":62}},"type":"binary-expr","locations":[{"start":{"line":15,"column":43},"end":{"line":15,"column":57}},{"start":{"line":15,"column":61},"end":{"line":15,"column":62}}],"line":15},"1":{"loc":{"start":{"line":18,"column":4},"end":{"line":21,"column":5}},"type":"if","locations":[{"start":{"line":18,"column":4},"end":{"line":21,"column":5}},{"start":{},"end":{}}],"line":18}},"s":{"0":2,"1":6,"2":6,"3":1,"4":1,"5":1,"6":6,"7":1,"8":1,"9":6,"10":1,"11":1,"12":2},"f":{"0":6,"1":1,"2":1,"3":1,"4":1},"b":{"0":[6,0],"1":[1,0]},"_coverageSchema":"1a1c01bbd47fc00a2c39e90264f33305004495a9","hash":"fd6bacd7095a723c3a6aac369580771de29a6794"}
,"/Users/bhaskarjoshi/Documents/Personal/PLTCart/src/components/Header.tsx": {"path":"/Users/bhaskarjoshi/Documents/Personal/PLTCart/src/components/Header.tsx","statementMap":{"0":{"start":{"line":11,"column":21},"end":{"line":25,"column":1}},"1":{"start":{"line":12,"column":2},"end":{"line":24,"column":4}},"2":{"start":{"line":15,"column":34},"end":{"line":15,"column":53}},"3":{"start":{"line":27,"column":15},"end":{"line":47,"column":2}},"4":{"start":{"line":49,"column":0},"end":{"line":53,"column":2}}},"fnMap":{"0":{"name":"(anonymous_0)","decl":{"start":{"line":11,"column":21},"end":{"line":11,"column":22}},"loc":{"start":{"line":11,"column":67},"end":{"line":25,"column":1}},"line":11},"1":{"name":"(anonymous_1)","decl":{"start":{"line":15,"column":28},"end":{"line":15,"column":29}},"loc":{"start":{"line":15,"column":34},"end":{"line":15,"column":53}},"line":15}},"branchMap":{"0":{"loc":{"start":{"line":14,"column":7},"end":{"line":21,"column":7}},"type":"binary-expr","locations":[{"start":{"line":14,"column":7},"end":{"line":14,"column":15}},{"start":{"line":15,"column":8},"end":{"line":20,"column":20}}],"line":14}},"s":{"0":2,"1":4,"2":0,"3":2,"4":2},"f":{"0":4,"1":0},"b":{"0":[4,2]},"_coverageSchema":"1a1c01bbd47fc00a2c39e90264f33305004495a9","hash":"0bdddaca784962fcc344347c37aaef23753427f4"}
,"/Users/bhaskarjoshi/Documents/Personal/PLTCart/src/components/ProductCard.tsx": {"path":"/Users/bhaskarjoshi/Documents/Personal/PLTCart/src/components/ProductCard.tsx","statementMap":{"0":{"start":{"line":9,"column":41},"end":{"line":49,"column":1}},"1":{"start":{"line":10,"column":34},"end":{"line":10,"column":45}},"2":{"start":{"line":12,"column":37},"end":{"line":15,"column":3}},"3":{"start":{"line":13,"column":4},"end":{"line":13,"column":31}},"4":{"start":{"line":14,"column":4},"end":{"line":14,"column":23}},"5":{"start":{"line":17,"column":34},"end":{"line":20,"column":3}},"6":{"start":{"line":18,"column":4},"end":{"line":18,"column":28}},"7":{"start":{"line":19,"column":4},"end":{"line":19,"column":23}},"8":{"start":{"line":22,"column":2},"end":{"line":48,"column":4}},"9":{"start":{"line":34,"column":29},"end":{"line":34,"column":69}},"10":{"start":{"line":41,"column":29},"end":{"line":41,"column":66}},"11":{"start":{"line":51,"column":15},"end":{"line":117,"column":2}}},"fnMap":{"0":{"name":"(anonymous_0)","decl":{"start":{"line":9,"column":41},"end":{"line":9,"column":42}},"loc":{"start":{"line":9,"column":65},"end":{"line":49,"column":1}},"line":9},"1":{"name":"(anonymous_1)","decl":{"start":{"line":12,"column":37},"end":{"line":12,"column":38}},"loc":{"start":{"line":12,"column":56},"end":{"line":15,"column":3}},"line":12},"2":{"name":"(anonymous_2)","decl":{"start":{"line":17,"column":34},"end":{"line":17,"column":35}},"loc":{"start":{"line":17,"column":53},"end":{"line":20,"column":3}},"line":17},"3":{"name":"(anonymous_3)","decl":{"start":{"line":34,"column":23},"end":{"line":34,"column":24}},"loc":{"start":{"line":34,"column":29},"end":{"line":34,"column":69}},"line":34},"4":{"name":"(anonymous_4)","decl":{"start":{"line":41,"column":23},"end":{"line":41,"column":24}},"loc":{"start":{"line":41,"column":29},"end":{"line":41,"column":66}},"line":41}},"branchMap":{},"s":{"0":2,"1":6,"2":6,"3":0,"4":0,"5":6,"6":0,"7":0,"8":6,"9":0,"10":0,"11":2},"f":{"0":6,"1":0,"2":0,"3":0,"4":0},"b":{},"_coverageSchema":"1a1c01bbd47fc00a2c39e90264f33305004495a9","hash":"7ea38826e266deb7f16f689c3a4ef3b76998450e"}
,"/Users/bhaskarjoshi/Documents/Personal/PLTCart/src/config/index.js": {"path":"/Users/bhaskarjoshi/Documents/Personal/PLTCart/src/config/index.js","statementMap":{"0":{"start":{"line":1,"column":22},"end":{"line":3,"column":1}}},"fnMap":{},"branchMap":{},"s":{"0":3},"f":{},"b":{},"_coverageSchema":"1a1c01bbd47fc00a2c39e90264f33305004495a9","hash":"c5bce3cff39a9a415c8642f500271312a989e621"}
,"/Users/bhaskarjoshi/Documents/Personal/PLTCart/src/containers/CartContainer.tsx": {"path":"/Users/bhaskarjoshi/Documents/Personal/PLTCart/src/containers/CartContainer.tsx","statementMap":{"0":{"start":{"line":30,"column":22},"end":{"line":100,"column":1}},"1":{"start":{"line":31,"column":19},"end":{"line":31,"column":32}},"2":{"start":{"line":32,"column":16},"end":{"line":32,"column":75}},"3":{"start":{"line":32,"column":58},"end":{"line":32,"column":74}},"4":{"start":{"line":33,"column":16},"end":{"line":33,"column":75}},"5":{"start":{"line":33,"column":58},"end":{"line":33,"column":74}},"6":{"start":{"line":35,"column":21},"end":{"line":41,"column":3}},"7":{"start":{"line":36,"column":4},"end":{"line":40,"column":5}},"8":{"start":{"line":37,"column":6},"end":{"line":37,"column":30}},"9":{"start":{"line":39,"column":6},"end":{"line":39,"column":33}},"10":{"start":{"line":43,"column":26},"end":{"line":45,"column":3}},"11":{"start":{"line":44,"column":4},"end":{"line":44,"column":26}},"12":{"start":{"line":47,"column":24},"end":{"line":49,"column":3}},"13":{"start":{"line":48,"column":4},"end":{"line":48,"column":61}},"14":{"start":{"line":51,"column":31},"end":{"line":59,"column":3}},"15":{"start":{"line":52,"column":4},"end":{"line":58,"column":6}},"16":{"start":{"line":61,"column":23},"end":{"line":67,"column":3}},"17":{"start":{"line":62,"column":4},"end":{"line":66,"column":11}},"18":{"start":{"line":69,"column":2},"end":{"line":99,"column":4}},"19":{"start":{"line":77,"column":12},"end":{"line":77,"column":60}},"20":{"start":{"line":80,"column":32},"end":{"line":80,"column":50}},"21":{"start":{"line":102,"column":15},"end":{"line":147,"column":2}}},"fnMap":{"0":{"name":"(anonymous_0)","decl":{"start":{"line":30,"column":22},"end":{"line":30,"column":23}},"loc":{"start":{"line":30,"column":47},"end":{"line":100,"column":1}},"line":30},"1":{"name":"(anonymous_1)","decl":{"start":{"line":32,"column":28},"end":{"line":32,"column":29}},"loc":{"start":{"line":32,"column":58},"end":{"line":32,"column":74}},"line":32},"2":{"name":"(anonymous_2)","decl":{"start":{"line":33,"column":28},"end":{"line":33,"column":29}},"loc":{"start":{"line":33,"column":58},"end":{"line":33,"column":74}},"line":33},"3":{"name":"(anonymous_3)","decl":{"start":{"line":35,"column":21},"end":{"line":35,"column":22}},"loc":{"start":{"line":35,"column":72},"end":{"line":41,"column":3}},"line":35},"4":{"name":"(anonymous_4)","decl":{"start":{"line":43,"column":26},"end":{"line":43,"column":27}},"loc":{"start":{"line":43,"column":32},"end":{"line":45,"column":3}},"line":43},"5":{"name":"(anonymous_5)","decl":{"start":{"line":47,"column":24},"end":{"line":47,"column":25}},"loc":{"start":{"line":47,"column":30},"end":{"line":49,"column":3}},"line":47},"6":{"name":"(anonymous_6)","decl":{"start":{"line":51,"column":31},"end":{"line":51,"column":32}},"loc":{"start":{"line":51,"column":37},"end":{"line":59,"column":3}},"line":51},"7":{"name":"(anonymous_7)","decl":{"start":{"line":61,"column":23},"end":{"line":61,"column":24}},"loc":{"start":{"line":62,"column":4},"end":{"line":66,"column":11}},"line":62},"8":{"name":"(anonymous_8)","decl":{"start":{"line":76,"column":22},"end":{"line":76,"column":23}},"loc":{"start":{"line":77,"column":12},"end":{"line":77,"column":60}},"line":77},"9":{"name":"(anonymous_9)","decl":{"start":{"line":80,"column":24},"end":{"line":80,"column":25}},"loc":{"start":{"line":80,"column":32},"end":{"line":80,"column":50}},"line":80}},"branchMap":{"0":{"loc":{"start":{"line":36,"column":4},"end":{"line":40,"column":5}},"type":"if","locations":[{"start":{"line":36,"column":4},"end":{"line":40,"column":5}},{"start":{"line":38,"column":11},"end":{"line":40,"column":5}}],"line":36}},"s":{"0":1,"1":2,"2":2,"3":2,"4":2,"5":2,"6":2,"7":0,"8":0,"9":0,"10":2,"11":1,"12":2,"13":0,"14":2,"15":2,"16":2,"17":2,"18":2,"19":0,"20":0,"21":1},"f":{"0":2,"1":2,"2":2,"3":0,"4":1,"5":0,"6":2,"7":2,"8":0,"9":0},"b":{"0":[0,0]},"_coverageSchema":"1a1c01bbd47fc00a2c39e90264f33305004495a9","hash":"ea42909c5307c340e8a74a0a8303b5055804b4d0"}
,"/Users/bhaskarjoshi/Documents/Personal/PLTCart/src/containers/HomeContainer.tsx": {"path":"/Users/bhaskarjoshi/Documents/Personal/PLTCart/src/containers/HomeContainer.tsx","statementMap":{"0":{"start":{"line":32,"column":22},"end":{"line":99,"column":1}},"1":{"start":{"line":33,"column":19},"end":{"line":33,"column":32}},"2":{"start":{"line":35,"column":19},"end":{"line":35,"column":78}},"3":{"start":{"line":35,"column":61},"end":{"line":35,"column":77}},"4":{"start":{"line":36,"column":16},"end":{"line":36,"column":75}},"5":{"start":{"line":36,"column":58},"end":{"line":36,"column":74}},"6":{"start":{"line":38,"column":41},"end":{"line":38,"column":64}},"7":{"start":{"line":40,"column":19},"end":{"line":42,"column":3}},"8":{"start":{"line":41,"column":4},"end":{"line":41,"column":32}},"9":{"start":{"line":44,"column":21},"end":{"line":50,"column":3}},"10":{"start":{"line":45,"column":4},"end":{"line":49,"column":5}},"11":{"start":{"line":46,"column":6},"end":{"line":46,"column":30}},"12":{"start":{"line":48,"column":6},"end":{"line":48,"column":33}},"13":{"start":{"line":52,"column":21},"end":{"line":54,"column":3}},"14":{"start":{"line":53,"column":4},"end":{"line":53,"column":63}},"15":{"start":{"line":56,"column":2},"end":{"line":62,"column":3}},"16":{"start":{"line":57,"column":4},"end":{"line":61,"column":6}},"17":{"start":{"line":64,"column":2},"end":{"line":98,"column":4}},"18":{"start":{"line":77,"column":32},"end":{"line":77,"column":50}},"19":{"start":{"line":101,"column":15},"end":{"line":145,"column":2}}},"fnMap":{"0":{"name":"(anonymous_0)","decl":{"start":{"line":32,"column":22},"end":{"line":32,"column":23}},"loc":{"start":{"line":32,"column":47},"end":{"line":99,"column":1}},"line":32},"1":{"name":"(anonymous_1)","decl":{"start":{"line":35,"column":31},"end":{"line":35,"column":32}},"loc":{"start":{"line":35,"column":61},"end":{"line":35,"column":77}},"line":35},"2":{"name":"(anonymous_2)","decl":{"start":{"line":36,"column":28},"end":{"line":36,"column":29}},"loc":{"start":{"line":36,"column":58},"end":{"line":36,"column":74}},"line":36},"3":{"name":"(anonymous_3)","decl":{"start":{"line":40,"column":19},"end":{"line":40,"column":20}},"loc":{"start":{"line":40,"column":25},"end":{"line":42,"column":3}},"line":40},"4":{"name":"(anonymous_4)","decl":{"start":{"line":44,"column":21},"end":{"line":44,"column":22}},"loc":{"start":{"line":44,"column":67},"end":{"line":50,"column":3}},"line":44},"5":{"name":"(anonymous_5)","decl":{"start":{"line":52,"column":21},"end":{"line":52,"column":22}},"loc":{"start":{"line":52,"column":50},"end":{"line":54,"column":3}},"line":52},"6":{"name":"(anonymous_6)","decl":{"start":{"line":77,"column":24},"end":{"line":77,"column":25}},"loc":{"start":{"line":77,"column":32},"end":{"line":77,"column":50}},"line":77}},"branchMap":{"0":{"loc":{"start":{"line":45,"column":4},"end":{"line":49,"column":5}},"type":"if","locations":[{"start":{"line":45,"column":4},"end":{"line":49,"column":5}},{"start":{"line":47,"column":11},"end":{"line":49,"column":5}}],"line":45},"1":{"loc":{"start":{"line":56,"column":2},"end":{"line":62,"column":3}},"type":"if","locations":[{"start":{"line":56,"column":2},"end":{"line":62,"column":3}},{"start":{},"end":{}}],"line":56}},"s":{"0":1,"1":3,"2":3,"3":3,"4":3,"5":3,"6":3,"7":3,"8":1,"9":3,"10":0,"11":0,"12":0,"13":3,"14":4,"15":3,"16":1,"17":2,"18":4,"19":1},"f":{"0":3,"1":3,"2":3,"3":1,"4":0,"5":4,"6":4},"b":{"0":[0,0],"1":[1,2]},"_coverageSchema":"1a1c01bbd47fc00a2c39e90264f33305004495a9","hash":"37bc4ebbd9d8700c01307cfde3b926f0e265a59a"}
,"/Users/bhaskarjoshi/Documents/Personal/PLTCart/src/services/api.ts": {"path":"/Users/bhaskarjoshi/Documents/Personal/PLTCart/src/services/api.ts","statementMap":{"0":{"start":{"line":10,"column":18},"end":{"line":12,"column":2}},"1":{"start":{"line":18,"column":4},"end":{"line":21,"column":1}},"2":{"start":{"line":19,"column":15},"end":{"line":19,"column":55}},"3":{"start":{"line":20,"column":2},"end":{"line":20,"column":16}},"4":{"start":{"line":23,"column":19},"end":{"line":27,"column":2}},"5":{"start":{"line":25,"column":20},"end":{"line":25,"column":22}}},"fnMap":{"0":{"name":"(anonymous_0)","decl":{"start":{"line":18,"column":4},"end":{"line":18,"column":5}},"loc":{"start":{"line":18,"column":39},"end":{"line":21,"column":1}},"line":18},"1":{"name":"(anonymous_1)","decl":{"start":{"line":25,"column":13},"end":{"line":25,"column":14}},"loc":{"start":{"line":25,"column":20},"end":{"line":25,"column":22}},"line":25}},"branchMap":{},"s":{"0":3,"1":3,"2":0,"3":0,"4":3,"5":3},"f":{"0":0,"1":3},"b":{},"_coverageSchema":"1a1c01bbd47fc00a2c39e90264f33305004495a9","hash":"2f52c75b84b80c1b441fc5d5aacf29670066182a"}
,"/Users/bhaskarjoshi/Documents/Personal/PLTCart/src/services/modules/listing/index.ts": {"path":"/Users/bhaskarjoshi/Documents/Personal/PLTCart/src/services/modules/listing/index.ts","statementMap":{"0":{"start":{"line":4,"column":26},"end":{"line":9,"column":2}},"1":{"start":{"line":5,"column":23},"end":{"line":7,"column":3}},"2":{"start":{"line":11,"column":35},"end":{"line":11,"column":45}}},"fnMap":{"0":{"name":"(anonymous_0)","decl":{"start":{"line":5,"column":13},"end":{"line":5,"column":14}},"loc":{"start":{"line":5,"column":23},"end":{"line":7,"column":3}},"line":5}},"branchMap":{},"s":{"0":1,"1":1,"2":1},"f":{"0":1},"b":{},"_coverageSchema":"1a1c01bbd47fc00a2c39e90264f33305004495a9","hash":"649602b5d9173bfa5204216a9f4e79a68cf08ca2"}
,"/Users/bhaskarjoshi/Documents/Personal/PLTCart/src/services/modules/listing/listing.ts": {"path":"/Users/bhaskarjoshi/Documents/Personal/PLTCart/src/services/modules/listing/listing.ts","statementMap":{"0":{"start":{"line":4,"column":2},"end":{"line":10,"column":4}},"1":{"start":{"line":5,"column":22},"end":{"line":9,"column":5}}},"fnMap":{"0":{"name":"(anonymous_0)","decl":{"start":{"line":3,"column":15},"end":{"line":3,"column":16}},"loc":{"start":{"line":4,"column":2},"end":{"line":10,"column":4}},"line":4},"1":{"name":"(anonymous_1)","decl":{"start":{"line":5,"column":11},"end":{"line":5,"column":12}},"loc":{"start":{"line":5,"column":22},"end":{"line":9,"column":5}},"line":5}},"branchMap":{},"s":{"0":1,"1":0},"f":{"0":1,"1":0},"b":{},"_coverageSchema":"1a1c01bbd47fc00a2c39e90264f33305004495a9","hash":"ba7e8a9faa4fe79a812f2cf3fed68283eeb51daa"}
,"/Users/bhaskarjoshi/Documents/Personal/PLTCart/src/store/index.ts": {"path":"/Users/bhaskarjoshi/Documents/Personal/PLTCart/src/store/index.ts","statementMap":{"0":{"start":{"line":6,"column":17},"end":{"line":9,"column":2}},"1":{"start":{"line":11,"column":14},"end":{"line":17,"column":2}},"2":{"start":{"line":14,"column":24},"end":{"line":14,"column":71}},"3":{"start":{"line":15,"column":4},"end":{"line":15,"column":23}},"4":{"start":{"line":19,"column":0},"end":{"line":19,"column":31}}},"fnMap":{"0":{"name":"(anonymous_0)","decl":{"start":{"line":13,"column":14},"end":{"line":13,"column":15}},"loc":{"start":{"line":13,"column":38},"end":{"line":16,"column":3}},"line":13}},"branchMap":{},"s":{"0":2,"1":2,"2":2,"3":2,"4":2},"f":{"0":2},"b":{},"_coverageSchema":"1a1c01bbd47fc00a2c39e90264f33305004495a9","hash":"43b40956de219706b2ef766a10554abc73a0816d"}
,"/Users/bhaskarjoshi/Documents/Personal/PLTCart/src/store/cart/index.ts": {"path":"/Users/bhaskarjoshi/Documents/Personal/PLTCart/src/store/cart/index.ts","statementMap":{"0":{"start":{"line":13,"column":32},"end":{"line":16,"column":1}},"1":{"start":{"line":18,"column":18},"end":{"line":49,"column":2}},"2":{"start":{"line":23,"column":22},"end":{"line":23,"column":36}},"3":{"start":{"line":24,"column":27},"end":{"line":24,"column":75}},"4":{"start":{"line":24,"column":52},"end":{"line":24,"column":74}},"5":{"start":{"line":25,"column":6},"end":{"line":29,"column":7}},"6":{"start":{"line":26,"column":8},"end":{"line":26,"column":32}},"7":{"start":{"line":28,"column":8},"end":{"line":28,"column":52}},"8":{"start":{"line":30,"column":6},"end":{"line":30,"column":35}},"9":{"start":{"line":33,"column":21},"end":{"line":33,"column":38}},"10":{"start":{"line":34,"column":27},"end":{"line":34,"column":71}},"11":{"start":{"line":34,"column":52},"end":{"line":34,"column":70}},"12":{"start":{"line":35,"column":6},"end":{"line":39,"column":7}},"13":{"start":{"line":36,"column":8},"end":{"line":36,"column":69}},"14":{"start":{"line":36,"column":49},"end":{"line":36,"column":67}},"15":{"start":{"line":38,"column":8},"end":{"line":38,"column":32}},"16":{"start":{"line":41,"column":24},"end":{"line":41,"column":48}},"17":{"start":{"line":42,"column":6},"end":{"line":42,"column":31}},"18":{"start":{"line":45,"column":6},"end":{"line":45,"column":23}},"19":{"start":{"line":46,"column":6},"end":{"line":46,"column":22}},"20":{"start":{"line":51,"column":48},"end":{"line":51,"column":65}}},"fnMap":{"0":{"name":"(anonymous_0)","decl":{"start":{"line":22,"column":13},"end":{"line":22,"column":14}},"loc":{"start":{"line":22,"column":57},"end":{"line":31,"column":5}},"line":22},"1":{"name":"(anonymous_1)","decl":{"start":{"line":24,"column":44},"end":{"line":24,"column":45}},"loc":{"start":{"line":24,"column":52},"end":{"line":24,"column":74}},"line":24},"2":{"name":"(anonymous_2)","decl":{"start":{"line":32,"column":16},"end":{"line":32,"column":17}},"loc":{"start":{"line":32,"column":60},"end":{"line":43,"column":5}},"line":32},"3":{"name":"(anonymous_3)","decl":{"start":{"line":34,"column":44},"end":{"line":34,"column":45}},"loc":{"start":{"line":34,"column":52},"end":{"line":34,"column":70}},"line":34},"4":{"name":"(anonymous_4)","decl":{"start":{"line":36,"column":41},"end":{"line":36,"column":42}},"loc":{"start":{"line":36,"column":49},"end":{"line":36,"column":67}},"line":36},"5":{"name":"(anonymous_5)","decl":{"start":{"line":44,"column":15},"end":{"line":44,"column":16}},"loc":{"start":{"line":44,"column":24},"end":{"line":47,"column":5}},"line":44}},"branchMap":{"0":{"loc":{"start":{"line":25,"column":6},"end":{"line":29,"column":7}},"type":"if","locations":[{"start":{"line":25,"column":6},"end":{"line":29,"column":7}},{"start":{"line":27,"column":13},"end":{"line":29,"column":7}}],"line":25},"1":{"loc":{"start":{"line":35,"column":6},"end":{"line":39,"column":7}},"type":"if","locations":[{"start":{"line":35,"column":6},"end":{"line":39,"column":7}},{"start":{"line":37,"column":13},"end":{"line":39,"column":7}}],"line":35},"2":{"loc":{"start":{"line":41,"column":24},"end":{"line":41,"column":48}},"type":"binary-expr","locations":[{"start":{"line":41,"column":24},"end":{"line":41,"column":43}},{"start":{"line":41,"column":47},"end":{"line":41,"column":48}}],"line":41}},"s":{"0":2,"1":2,"2":0,"3":0,"4":0,"5":0,"6":0,"7":0,"8":0,"9":0,"10":0,"11":0,"12":0,"13":0,"14":0,"15":0,"16":0,"17":0,"18":0,"19":0,"20":2},"f":{"0":0,"1":0,"2":0,"3":0,"4":0,"5":0},"b":{"0":[0,0],"1":[0,0],"2":[0,0]},"_coverageSchema":"1a1c01bbd47fc00a2c39e90264f33305004495a9","hash":"8f3d038a2b56297a23bb6277d8bda2cf8e9035f4"}
}
