TN:
SF:src/assets/images/backIcon.png
FNF:0
FNH:0
DA:1,1
LF:1
LH:1
BRF:0
BRH:0
end_of_record
TN:
SF:src/assets/images/emptyCart.png
FNF:0
FNH:0
DA:1,1
LF:1
LH:1
BRF:0
BRH:0
end_of_record
TN:
SF:src/assets/images/right-arrow.png
FNF:0
FNH:0
DA:1,2
LF:1
LH:1
BRF:0
BRH:0
end_of_record
TN:
SF:src/components/CartItem.tsx
FN:14,(anonymous_0)
FN:17,(anonymous_1)
FN:24,(anonymous_2)
FN:41,(anonymous_3)
FN:48,(anonymous_4)
FNF:5
FNH:5
FNDA:6,(anonymous_0)
FNDA:1,(anonymous_1)
FNDA:1,(anonymous_2)
FNDA:1,(anonymous_3)
FNDA:1,(anonymous_4)
DA:14,2
DA:15,6
DA:17,6
DA:18,1
DA:19,1
DA:20,1
DA:24,6
DA:25,1
DA:26,1
DA:29,6
DA:41,1
DA:48,1
DA:58,2
LF:13
LH:13
BRDA:15,0,0,6
BRDA:15,0,1,0
BRDA:18,1,0,1
BRDA:18,1,1,0
BRF:4
BRH:2
end_of_record
TN:
SF:src/components/Header.tsx
FN:11,(anonymous_0)
FN:15,(anonymous_1)
FNF:2
FNH:1
FNDA:4,(anonymous_0)
FNDA:0,(anonymous_1)
DA:11,2
DA:12,4
DA:15,0
DA:27,2
DA:49,2
LF:5
LH:4
BRDA:14,0,0,4
BRDA:14,0,1,2
BRF:2
BRH:2
end_of_record
TN:
SF:src/components/ProductCard.tsx
FN:9,(anonymous_0)
FN:12,(anonymous_1)
FN:17,(anonymous_2)
FN:34,(anonymous_3)
FN:41,(anonymous_4)
FNF:5
FNH:1
FNDA:6,(anonymous_0)
FNDA:0,(anonymous_1)
FNDA:0,(anonymous_2)
FNDA:0,(anonymous_3)
FNDA:0,(anonymous_4)
DA:9,2
DA:10,6
DA:12,6
DA:13,0
DA:14,0
DA:17,6
DA:18,0
DA:19,0
DA:22,6
DA:34,0
DA:41,0
DA:51,2
LF:12
LH:6
BRF:0
BRH:0
end_of_record
TN:
SF:src/config/index.js
FNF:0
FNH:0
DA:1,3
LF:1
LH:1
BRF:0
BRH:0
end_of_record
TN:
SF:src/containers/CartContainer.tsx
FN:30,(anonymous_0)
FN:32,(anonymous_1)
FN:33,(anonymous_2)
FN:35,(anonymous_3)
FN:43,(anonymous_4)
FN:47,(anonymous_5)
FN:51,(anonymous_6)
FN:61,(anonymous_7)
FN:76,(anonymous_8)
FN:80,(anonymous_9)
FNF:10
FNH:6
FNDA:2,(anonymous_0)
FNDA:2,(anonymous_1)
FNDA:2,(anonymous_2)
FNDA:0,(anonymous_3)
FNDA:1,(anonymous_4)
FNDA:0,(anonymous_5)
FNDA:2,(anonymous_6)
FNDA:2,(anonymous_7)
FNDA:0,(anonymous_8)
FNDA:0,(anonymous_9)
DA:30,1
DA:31,2
DA:32,2
DA:33,2
DA:35,2
DA:36,0
DA:37,0
DA:39,0
DA:43,2
DA:44,1
DA:47,2
DA:48,0
DA:51,2
DA:52,2
DA:61,2
DA:62,2
DA:69,2
DA:77,0
DA:80,0
DA:102,1
LF:20
LH:14
BRDA:36,0,0,0
BRDA:36,0,1,0
BRF:2
BRH:0
end_of_record
TN:
SF:src/containers/HomeContainer.tsx
FN:32,(anonymous_0)
FN:35,(anonymous_1)
FN:36,(anonymous_2)
FN:40,(anonymous_3)
FN:44,(anonymous_4)
FN:52,(anonymous_5)
FN:77,(anonymous_6)
FNF:7
FNH:6
FNDA:3,(anonymous_0)
FNDA:3,(anonymous_1)
FNDA:3,(anonymous_2)
FNDA:1,(anonymous_3)
FNDA:0,(anonymous_4)
FNDA:4,(anonymous_5)
FNDA:4,(anonymous_6)
DA:32,1
DA:33,3
DA:35,3
DA:36,3
DA:38,3
DA:40,3
DA:41,1
DA:44,3
DA:45,0
DA:46,0
DA:48,0
DA:52,3
DA:53,4
DA:56,3
DA:57,1
DA:64,2
DA:77,4
DA:101,1
LF:18
LH:15
BRDA:45,0,0,0
BRDA:45,0,1,0
BRDA:56,1,0,1
BRDA:56,1,1,2
BRF:4
BRH:2
end_of_record
TN:
SF:src/services/api.ts
FN:18,(anonymous_0)
FN:25,(anonymous_1)
FNF:2
FNH:1
FNDA:0,(anonymous_0)
FNDA:3,(anonymous_1)
DA:10,3
DA:18,3
DA:19,0
DA:20,0
DA:23,3
DA:25,3
LF:6
LH:4
BRF:0
BRH:0
end_of_record
TN:
SF:src/services/modules/listing/index.ts
FN:5,(anonymous_0)
FNF:1
FNH:1
FNDA:1,(anonymous_0)
DA:4,1
DA:5,1
DA:11,1
LF:3
LH:3
BRF:0
BRH:0
end_of_record
TN:
SF:src/services/modules/listing/listing.ts
FN:3,(anonymous_0)
FN:5,(anonymous_1)
FNF:2
FNH:1
FNDA:1,(anonymous_0)
FNDA:0,(anonymous_1)
DA:4,1
DA:5,0
LF:2
LH:1
BRF:0
BRH:0
end_of_record
TN:
SF:src/store/index.ts
FN:13,(anonymous_0)
FNF:1
FNH:1
FNDA:2,(anonymous_0)
DA:6,2
DA:11,2
DA:14,2
DA:15,2
DA:19,2
LF:5
LH:5
BRF:0
BRH:0
end_of_record
TN:
SF:src/store/cart/index.ts
FN:22,(anonymous_0)
FN:24,(anonymous_1)
FN:32,(anonymous_2)
FN:34,(anonymous_3)
FN:36,(anonymous_4)
FN:44,(anonymous_5)
FNF:6
FNH:0
FNDA:0,(anonymous_0)
FNDA:0,(anonymous_1)
FNDA:0,(anonymous_2)
FNDA:0,(anonymous_3)
FNDA:0,(anonymous_4)
FNDA:0,(anonymous_5)
DA:13,2
DA:18,2
DA:23,0
DA:24,0
DA:25,0
DA:26,0
DA:28,0
DA:30,0
DA:33,0
DA:34,0
DA:35,0
DA:36,0
DA:38,0
DA:41,0
DA:42,0
DA:45,0
DA:46,0
DA:51,2
LF:18
LH:3
BRDA:25,0,0,0
BRDA:25,0,1,0
BRDA:35,1,0,0
BRDA:35,1,1,0
BRDA:41,2,0,0
BRDA:41,2,1,0
BRF:6
BRH:0
end_of_record
