TN:
SF:src/components/Header.tsx
FN:11,(anonymous_0)
FN:15,(anonymous_1)
FNF:2
FNH:0
FNDA:0,(anonymous_0)
FNDA:0,(anonymous_1)
DA:11,1
DA:12,0
DA:15,0
DA:27,1
DA:49,1
LF:5
LH:3
BRDA:14,0,0,0
BRDA:14,0,1,0
BRF:2
BRH:0
end_of_record
TN:
SF:src/components/ProductCard.tsx
FN:9,(anonymous_0)
FN:12,(anonymous_1)
FN:17,(anonymous_2)
FN:34,(anonymous_3)
FN:41,(anonymous_4)
FNF:5
FNH:0
FNDA:0,(anonymous_0)
FNDA:0,(anonymous_1)
FNDA:0,(anonymous_2)
FNDA:0,(anonymous_3)
FNDA:0,(anonymous_4)
DA:9,1
DA:10,0
DA:12,0
DA:13,0
DA:14,0
DA:17,0
DA:18,0
DA:19,0
DA:22,0
DA:34,0
DA:41,0
DA:51,1
LF:12
LH:2
BRF:0
BRH:0
end_of_record
TN:
SF:src/config/index.js
FNF:0
FNH:0
DA:1,1
LF:1
LH:1
BRF:0
BRH:0
end_of_record
TN:
SF:src/containers/HomeContainer.tsx
FN:32,(anonymous_0)
FN:35,(anonymous_1)
FN:36,(anonymous_2)
FN:40,(anonymous_3)
FN:44,(anonymous_4)
FN:52,(anonymous_5)
FN:77,(anonymous_6)
FNF:7
FNH:0
FNDA:0,(anonymous_0)
FNDA:0,(anonymous_1)
FNDA:0,(anonymous_2)
FNDA:0,(anonymous_3)
FNDA:0,(anonymous_4)
FNDA:0,(anonymous_5)
FNDA:0,(anonymous_6)
DA:32,1
DA:33,0
DA:35,0
DA:36,0
DA:38,0
DA:40,0
DA:41,0
DA:44,0
DA:45,0
DA:46,0
DA:48,0
DA:52,0
DA:53,0
DA:64,0
DA:77,0
DA:101,1
LF:16
LH:2
BRDA:45,0,0,0
BRDA:45,0,1,0
BRF:2
BRH:0
end_of_record
TN:
SF:src/services/api.ts
FN:18,(anonymous_0)
FN:25,(anonymous_1)
FNF:2
FNH:1
FNDA:0,(anonymous_0)
FNDA:1,(anonymous_1)
DA:10,1
DA:18,1
DA:19,0
DA:20,0
DA:23,1
DA:25,1
LF:6
LH:4
BRF:0
BRH:0
end_of_record
TN:
SF:src/services/modules/listing/index.ts
FN:5,(anonymous_0)
FNF:1
FNH:1
FNDA:1,(anonymous_0)
DA:4,1
DA:5,1
DA:11,1
LF:3
LH:3
BRF:0
BRH:0
end_of_record
TN:
SF:src/services/modules/listing/listing.ts
FN:3,(anonymous_0)
FN:5,(anonymous_1)
FNF:2
FNH:1
FNDA:1,(anonymous_0)
FNDA:0,(anonymous_1)
DA:4,1
DA:5,0
LF:2
LH:1
BRF:0
BRH:0
end_of_record
TN:
SF:src/store/index.ts
FN:13,(anonymous_0)
FNF:1
FNH:1
FNDA:1,(anonymous_0)
DA:6,1
DA:11,1
DA:14,1
DA:15,1
DA:19,1
LF:5
LH:5
BRF:0
BRH:0
end_of_record
TN:
SF:src/store/cart/index.ts
FN:22,(anonymous_0)
FN:24,(anonymous_1)
FN:32,(anonymous_2)
FN:34,(anonymous_3)
FN:36,(anonymous_4)
FN:44,(anonymous_5)
FNF:6
FNH:0
FNDA:0,(anonymous_0)
FNDA:0,(anonymous_1)
FNDA:0,(anonymous_2)
FNDA:0,(anonymous_3)
FNDA:0,(anonymous_4)
FNDA:0,(anonymous_5)
DA:13,1
DA:18,1
DA:23,0
DA:24,0
DA:25,0
DA:26,0
DA:28,0
DA:30,0
DA:33,0
DA:34,0
DA:35,0
DA:36,0
DA:38,0
DA:41,0
DA:42,0
DA:45,0
DA:46,0
DA:51,1
LF:18
LH:3
BRDA:25,0,0,0
BRDA:25,0,1,0
BRDA:35,1,0,0
BRDA:35,1,1,0
BRDA:41,2,0,0
BRDA:41,2,1,0
BRF:6
BRH:0
end_of_record
